<?xml version="1.0" encoding="UTF-8"?>
<testng-results skipped="0" failed="1" ignored="0" total="1" passed="0">
  <reporter-output>
    <line>
      <![CDATA[Title is not Matching ]]>
    </line>
  </reporter-output>
  <suite name="Default suite" duration-ms="21596" started-at="2017-11-03T12:31:18Z" finished-at="2017-11-03T12:31:40Z">
    <groups>
    </groups>
    <test name="Default test" duration-ms="21596" started-at="2017-11-03T12:31:18Z" finished-at="2017-11-03T12:31:40Z">
      <class name="com.bluestone.test.ProductTest">
        <test-method status="PASS" signature="preConditions()[pri:0, instance:com.bluestone.test.ProductTest@cb5822]" name="preConditions" is-config="true" duration-ms="9521" started-at="2017-11-03T18:01:18Z" finished-at="2017-11-03T18:01:28Z">
          <reporter-output>
          </reporter-output>
        </test-method> <!-- preConditions -->
        <test-method status="FAIL" signature="testProduct()[pri:0, instance:com.bluestone.test.ProductTest@cb5822]" name="testProduct" duration-ms="11418" started-at="2017-11-03T18:01:28Z" finished-at="2017-11-03T18:01:39Z">
          <exception class="java.lang.AssertionError">
            <message>
              <![CDATA[null]]>
            </message>
            <full-stacktrace>
              <![CDATA[java.lang.AssertionError: null
	at org.testng.Assert.fail(Assert.java:93)
	at org.testng.Assert.fail(Assert.java:100)
	at com.bluestone.generic.BasePage.verifyTitle(BasePage.java:31)
	at com.bluestone.page.BlueStonePage.verifyingTitle(BlueStonePage.java:17)
	at com.bluestone.test.ProductTest.testProduct(ProductTest.java:32)
	at sun.reflect.NativeMethodAccessorImpl.invoke0(Native Method)
	at sun.reflect.NativeMethodAccessorImpl.invoke(NativeMethodAccessorImpl.java:62)
	at sun.reflect.DelegatingMethodAccessorImpl.invoke(DelegatingMethodAccessorImpl.java:43)
	at java.lang.reflect.Method.invoke(Method.java:498)
	at org.testng.internal.MethodInvocationHelper.invokeMethod(MethodInvocationHelper.java:108)
	at org.testng.internal.Invoker.invokeMethod(Invoker.java:669)
	at org.testng.internal.Invoker.invokeTestMethod(Invoker.java:877)
	at org.testng.internal.Invoker.invokeTestMethods(Invoker.java:1201)
	at org.testng.internal.TestMethodWorker.invokeTestMethods(TestMethodWorker.java:125)
	at org.testng.internal.TestMethodWorker.run(TestMethodWorker.java:109)
	at org.testng.TestRunner.privateRun(TestRunner.java:776)
	at org.testng.TestRunner.run(TestRunner.java:634)
	at org.testng.SuiteRunner.runTest(SuiteRunner.java:425)
	at org.testng.SuiteRunner.runSequentially(SuiteRunner.java:420)
	at org.testng.SuiteRunner.privateRun(SuiteRunner.java:385)
	at org.testng.SuiteRunner.run(SuiteRunner.java:334)
	at org.testng.SuiteRunnerWorker.runSuite(SuiteRunnerWorker.java:52)
	at org.testng.SuiteRunnerWorker.run(SuiteRunnerWorker.java:86)
	at org.testng.TestNG.runSuitesSequentially(TestNG.java:1318)
	at org.testng.TestNG.runSuitesLocally(TestNG.java:1243)
	at org.testng.TestNG.runSuites(TestNG.java:1161)
	at org.testng.TestNG.run(TestNG.java:1129)
	at org.testng.remote.AbstractRemoteTestNG.run(AbstractRemoteTestNG.java:114)
	at org.testng.remote.RemoteTestNG.initAndRun(RemoteTestNG.java:251)
	at org.testng.remote.RemoteTestNG.main(RemoteTestNG.java:77)
]]>
            </full-stacktrace>
          </exception> <!-- java.lang.AssertionError -->
          <reporter-output>
            <line>
              <![CDATA[Title is not Matching ]]>
            </line>
          </reporter-output>
        </test-method> <!-- testProduct -->
        <test-method status="PASS" signature="postConditions()[pri:0, instance:com.bluestone.test.ProductTest@cb5822]" name="postConditions" is-config="true" duration-ms="219" started-at="2017-11-03T18:01:39Z" finished-at="2017-11-03T18:01:40Z">
          <reporter-output>
          </reporter-output>
        </test-method> <!-- postConditions -->
      </class> <!-- com.bluestone.test.ProductTest -->
    </test> <!-- Default test -->
  </suite> <!-- Default suite -->
</testng-results>
